Watching for file changes with StatReloader
Not Found: /paymen_start/
[17/Dec/2024 11:29:18] "GET /paymen_start/ HTTP/1.1" 404 7888
[17/Dec/2024 11:29:25] "GET /payment_start/ HTTP/1.1" 200 2480
[17/Dec/2024 11:29:49] "POST /initiate-payment/ HTTP/1.1" 200 3959
Method Not Allowed: /handle_request/
[17/Dec/2024 11:30:16] "POST /handle_request/ HTTP/1.1" 405 52
[17/Dec/2024 11:35:39] "GET / HTTP/1.1" 200 1713
[17/Dec/2024 11:35:39] "GET /static/css/verify-passkey.css HTTP/1.1" 200 2029
[17/Dec/2024 11:35:39] "GET /static/images/image_1.png HTTP/1.1" 200 17075
[17/Dec/2024 11:35:39] "GET /static/images/verify-passkey.png HTTP/1.1" 200 79530
Not Found: /favicon.ico
[17/Dec/2024 11:35:39] "GET /favicon.ico HTTP/1.1" 404 7882
[17/Dec/2024 11:36:00] "GET / HTTP/1.1" 200 1713
[17/Dec/2024 11:36:00] "GET /static/css/verify-passkey.css HTTP/1.1" 200 2029
[17/Dec/2024 11:36:00] "GET /static/images/image_1.png HTTP/1.1" 200 17075
[17/Dec/2024 11:36:00] "GET /static/images/verify-passkey.png HTTP/1.1" 200 79530
Not Found: /favicon.ico
[17/Dec/2024 11:36:00] "GET /favicon.ico HTTP/1.1" 404 7882
[17/Dec/2024 11:36:15] "POST / HTTP/1.1" 302 0
[17/Dec/2024 11:36:15] "GET /user_login/ HTTP/1.1" 200 1700
[17/Dec/2024 11:36:15] "GET /static/css/login.css HTTP/1.1" 200 2317
[17/Dec/2024 11:36:15] "GET /static/images/login.png HTTP/1.1" 200 99459
[17/Dec/2024 11:36:21] "GET /register/ HTTP/1.1" 200 2895
[17/Dec/2024 11:36:21] "GET /static/css/register.css HTTP/1.1" 200 2412
[17/Dec/2024 11:36:21] "GET /static/images/create-account.png HTTP/1.1" 200 105496
[17/Dec/2024 11:37:16] "POST /send_email_verification_otp/ HTTP/1.1" 200 1579
[17/Dec/2024 11:37:18] "POST /send_email_verification_otp/ HTTP/1.1" 200 1579
[17/Dec/2024 11:37:20] "POST /send_email_verification_otp/ HTTP/1.1" 200 1579
[17/Dec/2024 11:37:21] "POST /send_email_verification_otp/ HTTP/1.1" 200 1579
[17/Dec/2024 11:37:21] "POST /send_email_verification_otp/ HTTP/1.1" 200 1579
[17/Dec/2024 11:37:22] "GET /static/css/otp.css HTTP/1.1" 200 1579
[17/Dec/2024 11:37:22] "GET /static/images/otp.png HTTP/1.1" 200 21651
[17/Dec/2024 11:37:22] "GET /static/images/image.png HTTP/1.1" 200 564005
[17/Dec/2024 11:38:13] "POST /send_email_verification_otp/ HTTP/1.1" 200 1579
[17/Dec/2024 11:39:03] "POST /verify_email_otp/ HTTP/1.1" 200 3296
[17/Dec/2024 11:39:03] "GET /static/css/register_verified.css HTTP/1.1" 200 2708
[17/Dec/2024 11:39:46] "POST /register_verified/ HTTP/1.1" 302 0
[17/Dec/2024 11:39:46] "GET /register_verified/ HTTP/1.1" 200 3256
[17/Dec/2024 11:39:48] "GET / HTTP/1.1" 200 1713
[17/Dec/2024 11:39:51] "GET /admin/ HTTP/1.1" 302 0
[17/Dec/2024 11:39:53] "GET /admin/login/?next=/admin/ HTTP/1.1" 200 3684
[17/Dec/2024 11:39:53] "GET /static/admin/css/base.css HTTP/1.1" 304 0
[17/Dec/2024 11:39:53] "GET /static/admin/css/dark_mode.css HTTP/1.1" 304 0
[17/Dec/2024 11:39:53] "GET /static/admin/css/nav_sidebar.css HTTP/1.1" 304 0
[17/Dec/2024 11:39:53] "GET /static/admin/css/login.css HTTP/1.1" 304 0
[17/Dec/2024 11:39:53] "GET /static/admin/css/responsive.css HTTP/1.1" 304 0
[17/Dec/2024 11:39:53] "GET /static/admin/js/theme.js HTTP/1.1" 304 0
[17/Dec/2024 11:39:54] "GET /static/admin/js/nav_sidebar.js HTTP/1.1" 304 0
[17/Dec/2024 11:40:01] "POST /admin/login/?next=/admin/ HTTP/1.1" 302 0
[17/Dec/2024 11:40:01] "GET /admin/ HTTP/1.1" 200 14477
[17/Dec/2024 11:40:01] "GET /static/admin/css/dashboard.css HTTP/1.1" 304 0
[17/Dec/2024 11:40:02] "GET /static/admin/img/icon-addlink.svg HTTP/1.1" 304 0
[17/Dec/2024 11:40:02] "GET /static/admin/img/icon-changelink.svg HTTP/1.1" 304 0
[17/Dec/2024 11:40:02] "GET /static/admin/img/icon-deletelink.svg HTTP/1.1" 304 0
[17/Dec/2024 11:40:04] "GET /admin/payment_integration/payment/ HTTP/1.1" 200 13894
[17/Dec/2024 11:40:04] "GET /static/admin/css/changelists.css HTTP/1.1" 200 6878
[17/Dec/2024 11:40:04] "GET /admin/jsi18n/ HTTP/1.1" 200 3342
[17/Dec/2024 11:40:04] "GET /static/admin/js/jquery.init.js HTTP/1.1" 200 347
[17/Dec/2024 11:40:04] "GET /static/admin/js/core.js HTTP/1.1" 200 6208
[17/Dec/2024 11:40:04] "GET /static/admin/js/admin/RelatedObjectLookups.js HTTP/1.1" 200 9097
[17/Dec/2024 11:40:06] "GET /static/admin/js/actions.js HTTP/1.1" 200 8076
[17/Dec/2024 11:40:06] "GET /static/admin/js/urlify.js HTTP/1.1" 200 7887
[17/Dec/2024 11:40:09] "GET /static/admin/js/prepopulate.js HTTP/1.1" 200 1531
[17/Dec/2024 11:40:36] "GET /register_verified/ HTTP/1.1" 200 2969
[17/Dec/2024 11:41:10] "GET /static/admin/js/vendor/jquery/jquery.js HTTP/1.1" 200 285314
[17/Dec/2024 11:41:12] "GET /static/admin/js/filters.js HTTP/1.1" 200 978
[17/Dec/2024 11:41:16] "GET /static/admin/js/vendor/xregexp/xregexp.js HTTP/1.1" 200 325171
[17/Dec/2024 11:41:22] "GET /static/admin/img/tooltag-add.svg HTTP/1.1" 200 331
[17/Dec/2024 11:41:29] "POST /register_verified/ HTTP/1.1" 302 0
[17/Dec/2024 11:41:29] "GET /register_verified/ HTTP/1.1" 200 3226
Internal Server Error: /register_verified/
Traceback (most recent call last):
  File "/home/ubuntu/crtd_new/venv/lib/python3.12/site-packages/django/db/backends/utils.py", line 105, in _execute
    return self.cursor.execute(sql, params)
           ^^^^^^^^^^^^^^^^^^^^^^^^^^^^^^^^
  File "/home/ubuntu/crtd_new/venv/lib/python3.12/site-packages/django/db/backends/sqlite3/base.py", line 354, in execute
    return super().execute(query, params)
           ^^^^^^^^^^^^^^^^^^^^^^^^^^^^^^
sqlite3.IntegrityError: NOT NULL constraint failed: admin_dashboard_user.has_paid

The above exception was the direct cause of the following exception:

Traceback (most recent call last):
  File "/home/ubuntu/crtd_new/venv/lib/python3.12/site-packages/django/core/handlers/exception.py", line 55, in inner
    response = get_response(request)
               ^^^^^^^^^^^^^^^^^^^^^
  File "/home/ubuntu/crtd_new/venv/lib/python3.12/site-packages/django/core/handlers/base.py", line 197, in _get_response
    response = wrapped_callback(request, *callback_args, **callback_kwargs)
               ^^^^^^^^^^^^^^^^^^^^^^^^^^^^^^^^^^^^^^^^^^^^^^^^^^^^^^^^^^^^
  File "/home/ubuntu/crtd_new/users/views.py", line 68, in register_verified
    user = User.objects.create_user(
           ^^^^^^^^^^^^^^^^^^^^^^^^^
  File "/home/ubuntu/crtd_new/admin_dashboard/managers.py", line 17, in create_user
    user.save(using=self._db)
  File "/home/ubuntu/crtd_new/venv/lib/python3.12/site-packages/django/contrib/auth/base_user.py", line 62, in save
    super().save(*args, **kwargs)
  File "/home/ubuntu/crtd_new/venv/lib/python3.12/site-packages/django/db/models/base.py", line 892, in save
    self.save_base(
  File "/home/ubuntu/crtd_new/venv/lib/python3.12/site-packages/django/db/models/base.py", line 998, in save_base
    updated = self._save_table(
              ^^^^^^^^^^^^^^^^^
  File "/home/ubuntu/crtd_new/venv/lib/python3.12/site-packages/django/db/models/base.py", line 1161, in _save_table
    results = self._do_insert(
              ^^^^^^^^^^^^^^^^
  File "/home/ubuntu/crtd_new/venv/lib/python3.12/site-packages/django/db/models/base.py", line 1202, in _do_insert
    return manager._insert(
           ^^^^^^^^^^^^^^^^
  File "/home/ubuntu/crtd_new/venv/lib/python3.12/site-packages/django/db/models/manager.py", line 87, in manager_method
    return getattr(self.get_queryset(), name)(*args, **kwargs)
           ^^^^^^^^^^^^^^^^^^^^^^^^^^^^^^^^^^^^^^^^^^^^^^^^^^^
  File "/home/ubuntu/crtd_new/venv/lib/python3.12/site-packages/django/db/models/query.py", line 1847, in _insert
    return query.get_compiler(using=using).execute_sql(returning_fields)
           ^^^^^^^^^^^^^^^^^^^^^^^^^^^^^^^^^^^^^^^^^^^^^^^^^^^^^^^^^^^^^
  File "/home/ubuntu/crtd_new/venv/lib/python3.12/site-packages/django/db/models/sql/compiler.py", line 1836, in execute_sql
    cursor.execute(sql, params)
  File "/home/ubuntu/crtd_new/venv/lib/python3.12/site-packages/django/db/backends/utils.py", line 122, in execute
    return super().execute(sql, params)
           ^^^^^^^^^^^^^^^^^^^^^^^^^^^^
  File "/home/ubuntu/crtd_new/venv/lib/python3.12/site-packages/django/db/backends/utils.py", line 79, in execute
    return self._execute_with_wrappers(
           ^^^^^^^^^^^^^^^^^^^^^^^^^^^^
  File "/home/ubuntu/crtd_new/venv/lib/python3.12/site-packages/django/db/backends/utils.py", line 92, in _execute_with_wrappers
    return executor(sql, params, many, context)
           ^^^^^^^^^^^^^^^^^^^^^^^^^^^^^^^^^^^^
  File "/home/ubuntu/crtd_new/venv/lib/python3.12/site-packages/django/db/backends/utils.py", line 100, in _execute
    with self.db.wrap_database_errors:
  File "/home/ubuntu/crtd_new/venv/lib/python3.12/site-packages/django/db/utils.py", line 91, in __exit__
    raise dj_exc_value.with_traceback(traceback) from exc_value
  File "/home/ubuntu/crtd_new/venv/lib/python3.12/site-packages/django/db/backends/utils.py", line 105, in _execute
    return self.cursor.execute(sql, params)
           ^^^^^^^^^^^^^^^^^^^^^^^^^^^^^^^^
  File "/home/ubuntu/crtd_new/venv/lib/python3.12/site-packages/django/db/backends/sqlite3/base.py", line 354, in execute
    return super().execute(query, params)
           ^^^^^^^^^^^^^^^^^^^^^^^^^^^^^^
django.db.utils.IntegrityError: NOT NULL constraint failed: admin_dashboard_user.has_paid
[17/Dec/2024 11:42:30] "POST /register_verified/ HTTP/1.1" 500 166307
[17/Dec/2024 11:44:08] "GET /register_verified/ HTTP/1.1" 200 2969
/home/ubuntu/crtd_new/admin_dashboard/models.py changed, reloading.
Performing system checks...

System check identified no issues (0 silenced).
December 17, 2024 - 11:28:57
Django version 5.1.4, using settings 'CRTD.settings'
Starting development server at http://0.0.0.0:8000/
Quit the server with CONTROL-C.

Fullname:Sebin Baby, email:sebin.18@gmail.com, contact:8129468756
Request Method: POST
Payment ID: pay_PYEA6LTJRealuo
Order ID: order_PYE9rMMwwJlDJb
Signature: efddbf79c2c196c2188af6675211de586a7acc27a7ad2c3cff333a4f0c895342
Signature verification result: True
Current time: 2024-12-17 11:39:03.041200+00:00, Expiration time: 2024-12-17 11:48:10.306268+00:00
Current time: 2024-12-17 11:42:30.229012+00:00, Expiration time: 2024-12-17 11:48:10.306268+00:00
Watching for file changes with StatReloader
[17/Dec/2024 11:48:02] "POST /register_verified/ HTTP/1.1" 302 0
[17/Dec/2024 11:48:02] "GET /register_verified/ HTTP/1.1" 200 3247
/home/ubuntu/crtd_new/admin_dashboard/models.py changed, reloading.
Performing system checks...

System check identified no issues (0 silenced).
December 17, 2024 - 11:45:49
Django version 5.1.4, using settings 'CRTD.settings'
Starting development server at http://0.0.0.0:8000/
Quit the server with CONTROL-C.

Watching for file changes with StatReloader
[17/Dec/2024 12:15:40] "GET / HTTP/1.1" 200 1713
[17/Dec/2024 12:15:43] "POST / HTTP/1.1" 302 0
[17/Dec/2024 12:15:44] "GET /user_login/ HTTP/1.1" 200 1700
[17/Dec/2024 12:15:54] "POST /user_login/ HTTP/1.1" 302 0
[17/Dec/2024 12:15:54] "GET /list_quizzes/ HTTP/1.1" 200 6557
[17/Dec/2024 12:15:55] "GET /static/css/images/image_1.png HTTP/1.1" 404 1997
[17/Dec/2024 12:16:09] "GET /payment_start/ HTTP/1.1" 200 2480
[17/Dec/2024 12:16:13] "POST /initiate-payment/ HTTP/1.1" 200 3959
Method Not Allowed: /handle_request/
[17/Dec/2024 12:16:39] "POST /handle_request/ HTTP/1.1" 405 52
[17/Dec/2024 12:47:28] "POST /handle_request/ HTTP/1.1" 200 72
[17/Dec/2024 12:51:38] "GET /admin/payment_integration/payment/ HTTP/1.1" 302 0
[17/Dec/2024 12:51:38] "GET /admin/login/?next=/admin/payment_integration/payment/ HTTP/1.1" 200 3740
[17/Dec/2024 12:51:38] "GET /static/admin/css/base.css HTTP/1.1" 304 0
[17/Dec/2024 12:51:38] "GET /static/admin/css/dark_mode.css HTTP/1.1" 304 0
[17/Dec/2024 12:51:38] "GET /static/admin/css/nav_sidebar.css HTTP/1.1" 304 0
[17/Dec/2024 12:51:38] "GET /static/admin/css/responsive.css HTTP/1.1" 304 0
[17/Dec/2024 12:51:38] "GET /static/admin/css/login.css HTTP/1.1" 304 0
[17/Dec/2024 12:51:38] "GET /static/admin/js/theme.js HTTP/1.1" 304 0
[17/Dec/2024 12:51:39] "GET /static/admin/js/nav_sidebar.js HTTP/1.1" 304 0
[17/Dec/2024 12:51:46] "POST /admin/login/?next=/admin/payment_integration/payment/ HTTP/1.1" 302 0
[17/Dec/2024 12:51:46] "GET /admin/payment_integration/payment/ HTTP/1.1" 200 13555
[17/Dec/2024 12:51:46] "GET /static/admin/js/core.js HTTP/1.1" 304 0
[17/Dec/2024 12:51:46] "GET /static/admin/js/vendor/jquery/jquery.js HTTP/1.1" 304 0
[17/Dec/2024 12:51:46] "GET /static/admin/js/jquery.init.js HTTP/1.1" 304 0
[17/Dec/2024 12:51:46] "GET /static/admin/css/changelists.css HTTP/1.1" 304 0
[17/Dec/2024 12:51:46] "GET /static/admin/js/admin/RelatedObjectLookups.js HTTP/1.1" 304 0
[17/Dec/2024 12:51:46] "GET /admin/jsi18n/ HTTP/1.1" 200 3342
[17/Dec/2024 12:51:46] "GET /static/admin/js/actions.js HTTP/1.1" 304 0
[17/Dec/2024 12:51:46] "GET /static/admin/js/urlify.js HTTP/1.1" 304 0
[17/Dec/2024 12:51:46] "GET /static/admin/js/prepopulate.js HTTP/1.1" 304 0
[17/Dec/2024 12:51:47] "GET /static/admin/js/vendor/xregexp/xregexp.js HTTP/1.1" 304 0
[17/Dec/2024 12:51:47] "GET /static/admin/js/filters.js HTTP/1.1" 304 0
[17/Dec/2024 12:51:50] "GET /admin/payment_integration/payment/ HTTP/1.1" 200 13555
[17/Dec/2024 12:51:50] "GET /admin/jsi18n/ HTTP/1.1" 200 3342
[17/Dec/2024 12:55:00] "POST /handle_request/ HTTP/1.1" 200 72
[17/Dec/2024 13:54:17] code 400, message Bad request syntax ('MGLNDD_3.109.183.125_8000')
[17/Dec/2024 13:54:17] "MGLNDD_3.109.183.125_8000" 400 -
[17/Dec/2024 14:12:49] "GET / HTTP/1.1" 200 1713
[17/Dec/2024 15:14:39] "GET /register_verified/ HTTP/1.1" 200 2969
[17/Dec/2024 15:14:39] "GET /static/css/register_verified.css HTTP/1.1" 304 0
[17/Dec/2024 15:14:39] "GET /static/images/image_1.png HTTP/1.1" 304 0
[17/Dec/2024 15:14:39] "GET /static/images/create-account.png HTTP/1.1" 304 0
[17/Dec/2024 15:14:46] "GET /register/ HTTP/1.1" 200 2895
[17/Dec/2024 15:15:25] "POST /send_email_verification_otp/ HTTP/1.1" 200 1579
[17/Dec/2024 15:15:25] "GET /static/css/otp.css HTTP/1.1" 304 0
[17/Dec/2024 15:16:17] "POST /verify_email_otp/ HTTP/1.1" 200 3296
[17/Dec/2024 15:17:21] "POST /register_verified/ HTTP/1.1" 302 0
[17/Dec/2024 15:17:21] "GET /register_verified/ HTTP/1.1" 200 3226
[17/Dec/2024 15:18:48] "GET /register_verified/ HTTP/1.1" 200 2969
[17/Dec/2024 15:19:04] "GET / HTTP/1.1" 200 1713
[17/Dec/2024 15:19:04] "GET /static/css/verify-passkey.css HTTP/1.1" 304 0
[17/Dec/2024 15:19:04] "GET /static/images/verify-passkey.png HTTP/1.1" 304 0
[17/Dec/2024 15:19:13] "POST / HTTP/1.1" 302 0
[17/Dec/2024 15:19:13] "GET /user_login/ HTTP/1.1" 200 1700
[17/Dec/2024 15:19:13] "GET /static/css/login.css HTTP/1.1" 304 0
[17/Dec/2024 15:19:13] "GET /static/images/login.png HTTP/1.1" 304 0
[17/Dec/2024 15:19:19] "GET /register/ HTTP/1.1" 200 2895
[17/Dec/2024 15:19:19] "GET /static/css/register.css HTTP/1.1" 304 0
[17/Dec/2024 15:19:48] "POST /send_email_verification_otp/ HTTP/1.1" 200 1579
[17/Dec/2024 15:21:19] "POST /verify_email_otp/ HTTP/1.1" 302 0
[17/Dec/2024 15:21:19] "GET /otp_page/ HTTP/1.1" 200 1531
[17/Dec/2024 15:21:45] "POST /verify_email_otp/ HTTP/1.1" 302 0
[17/Dec/2024 15:21:45] "GET /otp_page/ HTTP/1.1" 200 1531
[17/Dec/2024 15:21:59] "POST /verify_email_otp/ HTTP/1.1" 302 0
[17/Dec/2024 15:21:59] "GET /otp_page/ HTTP/1.1" 200 1531
[17/Dec/2024 15:22:11] "POST /verify_email_otp/ HTTP/1.1" 302 0
[17/Dec/2024 15:22:11] "GET /otp_page/ HTTP/1.1" 200 1531
[17/Dec/2024 15:22:40] "POST /verify_email_otp/ HTTP/1.1" 302 0
[17/Dec/2024 15:22:40] "GET /otp_page/ HTTP/1.1" 200 1531
[17/Dec/2024 15:23:06] "POST /verify_email_otp/ HTTP/1.1" 200 3296
[17/Dec/2024 15:23:32] "POST /register_verified/ HTTP/1.1" 302 0
[17/Dec/2024 15:23:32] "GET /register_verified/ HTTP/1.1" 200 3256
[17/Dec/2024 15:24:10] "POST /register_verified/ HTTP/1.1" 200 1131
[17/Dec/2024 15:24:10] "GET /static/css/create_account_success.css HTTP/1.1" 200 1740
[17/Dec/2024 15:24:10] "GET /static/images/congratulations.png HTTP/1.1" 200 34552
[17/Dec/2024 15:24:10] "GET /static/images/image.png HTTP/1.1" 304 0
[17/Dec/2024 15:24:12] "POST /user_login/ HTTP/1.1" 200 2028
[17/Dec/2024 15:24:27] "POST /user_login/ HTTP/1.1" 302 0
[17/Dec/2024 15:24:27] "GET /list_quizzes/ HTTP/1.1" 200 6564
[17/Dec/2024 15:24:27] "GET /static/css/instruction.css HTTP/1.1" 200 5040
[17/Dec/2024 15:24:27] "GET /static/css/images/image_1.png HTTP/1.1" 404 1997
[17/Dec/2024 15:24:27] "GET /static/images/instruction.png HTTP/1.1" 200 87283
[17/Dec/2024 15:24:27] "GET /static/images/imp-instruction.png HTTP/1.1" 200 110862
[17/Dec/2024 15:25:05] "POST /start_test/ HTTP/1.1" 302 0
Internal Server Error: /quiz/1/question/9/
Traceback (most recent call last):
  File "/home/ubuntu/crtd_new/venv/lib/python3.12/site-packages/django/core/handlers/exception.py", line 55, in inner
    response = get_response(request)
               ^^^^^^^^^^^^^^^^^^^^^
  File "/home/ubuntu/crtd_new/venv/lib/python3.12/site-packages/django/core/handlers/base.py", line 197, in _get_response
    response = wrapped_callback(request, *callback_args, **callback_kwargs)
               ^^^^^^^^^^^^^^^^^^^^^^^^^^^^^^^^^^^^^^^^^^^^^^^^^^^^^^^^^^^^
  File "/home/ubuntu/crtd_new/quiz/views.py", line 83, in start_question
    email = email
            ^^^^^
UnboundLocalError: cannot access local variable 'email' where it is not associated with a value
[17/Dec/2024 15:25:05] "GET /quiz/1/question/9/ HTTP/1.1" 500 65754
[17/Dec/2024 15:25:16] "POST /start_test/ HTTP/1.1" 302 0
Internal Server Error: /quiz/1/question/9/
Traceback (most recent call last):
  File "/home/ubuntu/crtd_new/venv/lib/python3.12/site-packages/django/core/handlers/exception.py", line 55, in inner
    response = get_response(request)
               ^^^^^^^^^^^^^^^^^^^^^
  File "/home/ubuntu/crtd_new/venv/lib/python3.12/site-packages/django/core/handlers/base.py", line 197, in _get_response
    response = wrapped_callback(request, *callback_args, **callback_kwargs)
               ^^^^^^^^^^^^^^^^^^^^^^^^^^^^^^^^^^^^^^^^^^^^^^^^^^^^^^^^^^^^
  File "/home/ubuntu/crtd_new/quiz/views.py", line 83, in start_question
    email = email
            ^^^^^
UnboundLocalError: cannot access local variable 'email' where it is not associated with a value
[17/Dec/2024 15:25:16] "GET /quiz/1/question/9/ HTTP/1.1" 500 65754
[17/Dec/2024 15:26:26] "POST /start_test/ HTTP/1.1" 302 0
Internal Server Error: /quiz/1/question/9/
Traceback (most recent call last):
  File "/home/ubuntu/crtd_new/venv/lib/python3.12/site-packages/django/core/handlers/exception.py", line 55, in inner
    response = get_response(request)
               ^^^^^^^^^^^^^^^^^^^^^
  File "/home/ubuntu/crtd_new/venv/lib/python3.12/site-packages/django/core/handlers/base.py", line 197, in _get_response
    response = wrapped_callback(request, *callback_args, **callback_kwargs)
               ^^^^^^^^^^^^^^^^^^^^^^^^^^^^^^^^^^^^^^^^^^^^^^^^^^^^^^^^^^^^
  File "/home/ubuntu/crtd_new/quiz/views.py", line 83, in start_question
    email = email
            ^^^^^
UnboundLocalError: cannot access local variable 'email' where it is not associated with a value
[17/Dec/2024 15:26:26] "GET /quiz/1/question/9/ HTTP/1.1" 500 65754
[17/Dec/2024 15:27:08] "POST /handle_request/ HTTP/1.1" 200 72
[17/Dec/2024 15:29:11] "GET / HTTP/1.1" 200 1713
[17/Dec/2024 15:34:19] "POST /handle_request/ HTTP/1.1" 200 72
[17/Dec/2024 15:41:51] "POST /handle_request/ HTTP/1.1" 200 72
[17/Dec/2024 15:44:50] "POST /handle_request/ HTTP/1.1" 200 72
[17/Dec/2024 16:01:59] "POST /handle_request/ HTTP/1.1" 200 72
